<?xml version="1.0" encoding="UTF-8"?>
<testng-results ignored="0" total="1" passed="1" failed="0" skipped="0">
  <reporter-output>
  </reporter-output>
  <suite started-at="2025-06-24T16:46:11 EEST" name="Default Suite" finished-at="2025-06-24T16:46:24 EEST" duration-ms="12554">
    <groups>
    </groups>
    <test started-at="2025-06-24T16:46:11 EEST" name="testcicdops" finished-at="2025-06-24T16:46:24 EEST" duration-ms="12554">
      <class name="test">
        <test-method is-config="true" signature="start()[pri:0, instance:test@3c9d0b9d]" started-at="2025-06-24T16:46:11 EEST" name="start" finished-at="2025-06-24T16:46:21 EEST" duration-ms="9102" status="PASS">
          <reporter-output>
          </reporter-output>
        </test-method> <!-- start -->
        <test-method signature="case1()[pri:0, instance:test@3c9d0b9d]" started-at="2025-06-24T16:46:21 EEST" name="case1" finished-at="2025-06-24T16:46:23 EEST" duration-ms="2688" status="PASS">
          <reporter-output>
          </reporter-output>
        </test-method> <!-- case1 -->
        <test-method is-config="true" signature="end()[pri:0, instance:test@3c9d0b9d]" started-at="2025-06-24T16:46:23 EEST" name="end" finished-at="2025-06-24T16:46:24 EEST" duration-ms="725" status="PASS">
          <reporter-output>
          </reporter-output>
        </test-method> <!-- end -->
      </class> <!-- test -->
    </test> <!-- testcicdops -->
  </suite> <!-- Default Suite -->
</testng-results>
