<?xml version="1.0" encoding="UTF-8"?>
<testng-results ignored="0" total="1" passed="1" failed="0" skipped="0">
  <reporter-output>
  </reporter-output>
  <suite started-at="2025-06-24T15:42:08 EEST" name="Default Suite" finished-at="2025-06-24T15:42:19 EEST" duration-ms="10295">
    <groups>
    </groups>
    <test started-at="2025-06-24T15:42:08 EEST" name="testcicdops" finished-at="2025-06-24T15:42:19 EEST" duration-ms="10295">
      <class name="test">
        <test-method is-config="true" signature="start()[pri:0, instance:test@4e91d63f]" started-at="2025-06-24T15:42:08 EEST" name="start" finished-at="2025-06-24T15:42:16 EEST" duration-ms="7471" status="PASS">
          <reporter-output>
          </reporter-output>
        </test-method> <!-- start -->
        <test-method signature="case1()[pri:0, instance:test@4e91d63f]" started-at="2025-06-24T15:42:16 EEST" name="case1" finished-at="2025-06-24T15:42:18 EEST" duration-ms="1967" status="PASS">
          <reporter-output>
          </reporter-output>
        </test-method> <!-- case1 -->
        <test-method is-config="true" signature="end()[pri:0, instance:test@4e91d63f]" started-at="2025-06-24T15:42:18 EEST" name="end" finished-at="2025-06-24T15:42:19 EEST" duration-ms="810" status="PASS">
          <reporter-output>
          </reporter-output>
        </test-method> <!-- end -->
      </class> <!-- test -->
    </test> <!-- testcicdops -->
  </suite> <!-- Default Suite -->
</testng-results>
